
*** Running vivado
    with args -log axi_timer_0.vds -m64 -product Vivado -mode batch -messageDb vivado.pb -notrace -source axi_timer_0.tcl


ECHO is off.
ECHO is off.

****** Vivado v2023.2 (64-bit)
  **** SW Build 4029153 on Fri Oct 13 20:14:34 MDT 2023
  **** IP Build 4028589 on Sat Oct 14 00:45:43 MDT 2023
  **** SharedData Build 4025554 on Tue Oct 10 17:18:54 MDT 2023
    ** Copyright 1986-2022 Xilinx, Inc. All Rights Reserved.
    ** Copyright 2022-2023 Advanced Micro Devices, Inc. All Rights Reserved.

source axi_timer_0.tcl -notrace
create_project: Time (s): cpu = 00:00:02 ; elapsed = 00:00:06 . Memory (MB): peak = 462.898 ; gain = 184.762
INFO: [IP_Flow 19-6924] IPCACHE: Running cache check for IP inst: axi_timer_0
Command: synth_design -top axi_timer_0 -part xc7z010iclg225-1L -incremental_mode off -mode out_of_context
Starting synth_design
Attempting to get a license for feature 'Synthesis' and/or device 'xc7z010i'
INFO: [Common 17-349] Got license for feature 'Synthesis' and/or device 'xc7z010i'
INFO: [Device 21-403] Loading part xc7z010iclg225-1L
INFO: [Synth 8-7079] Multithreading enabled for synth_design using a maximum of 2 processes.
INFO: [Synth 8-7078] Launching helper process for spawning children vivado processes
INFO: [Synth 8-7075] Helper process launched with PID 1308
---------------------------------------------------------------------------------
Starting RTL Elaboration : Time (s): cpu = 00:00:06 ; elapsed = 00:00:06 . Memory (MB): peak = 1306.668 ; gain = 438.242
---------------------------------------------------------------------------------
INFO: [Synth 8-638] synthesizing module 'axi_timer_0' [d:/_code/fv/lab1_fv/lab1_fv.gen/sources_1/ip/axi_timer_0/synth/axi_timer_0.vhd:90]
	Parameter C_FAMILY bound to: zynq - type: string 
	Parameter C_COUNT_WIDTH bound to: 32 - type: integer 
	Parameter C_ONE_TIMER_ONLY bound to: 0 - type: integer 
	Parameter C_TRIG0_ASSERT bound to: 1'b1 
	Parameter C_TRIG1_ASSERT bound to: 1'b1 
	Parameter C_GEN0_ASSERT bound to: 1'b1 
	Parameter C_GEN1_ASSERT bound to: 1'b1 
	Parameter C_S_AXI_DATA_WIDTH bound to: 32 - type: integer 
	Parameter C_S_AXI_ADDR_WIDTH bound to: 5 - type: integer 
INFO: [Synth 8-3491] module 'axi_timer' declared at 'd:/_code/fv/lab1_fv/lab1_fv.gen/sources_1/ip/axi_timer_0/hdl/axi_timer_v2_0_vh_rfs.vhd:2000' bound to instance 'U0' of component 'axi_timer' [d:/_code/fv/lab1_fv/lab1_fv.gen/sources_1/ip/axi_timer_0/synth/axi_timer_0.vhd:168]
INFO: [Synth 8-638] synthesizing module 'axi_timer' [d:/_code/fv/lab1_fv/lab1_fv.gen/sources_1/ip/axi_timer_0/hdl/axi_timer_v2_0_vh_rfs.vhd:2055]
INFO: [Synth 8-638] synthesizing module 'tc_core' [d:/_code/fv/lab1_fv/lab1_fv.gen/sources_1/ip/axi_timer_0/hdl/axi_timer_v2_0_vh_rfs.vhd:1614]
INFO: [Synth 8-638] synthesizing module 'mux_onehot_f' [d:/_code/fv/lab1_fv/lab1_fv.gen/sources_1/ip/axi_timer_0/hdl/axi_timer_v2_0_vh_rfs.vhd:267]
INFO: [Synth 8-3491] module 'MUXCY' declared at 'D:/Xilinx/Vivado/2023.2/scripts/rt/data/unisim_comp.v:85127' bound to instance 'MUXCY_I' of component 'MUXCY' [d:/_code/fv/lab1_fv/lab1_fv.gen/sources_1/ip/axi_timer_0/hdl/axi_timer_v2_0_vh_rfs.vhd:364]
INFO: [Synth 8-6157] synthesizing module 'MUXCY' [D:/Xilinx/Vivado/2023.2/scripts/rt/data/unisim_comp.v:85127]
INFO: [Synth 8-6155] done synthesizing module 'MUXCY' (0#1) [D:/Xilinx/Vivado/2023.2/scripts/rt/data/unisim_comp.v:85127]
INFO: [Synth 8-3491] module 'MUXCY' declared at 'D:/Xilinx/Vivado/2023.2/scripts/rt/data/unisim_comp.v:85127' bound to instance 'MUXCY_I' of component 'MUXCY' [d:/_code/fv/lab1_fv/lab1_fv.gen/sources_1/ip/axi_timer_0/hdl/axi_timer_v2_0_vh_rfs.vhd:364]
INFO: [Synth 8-3491] module 'MUXCY' declared at 'D:/Xilinx/Vivado/2023.2/scripts/rt/data/unisim_comp.v:85127' bound to instance 'MUXCY_I' of component 'MUXCY' [d:/_code/fv/lab1_fv/lab1_fv.gen/sources_1/ip/axi_timer_0/hdl/axi_timer_v2_0_vh_rfs.vhd:364]
INFO: [Synth 8-3491] module 'MUXCY' declared at 'D:/Xilinx/Vivado/2023.2/scripts/rt/data/unisim_comp.v:85127' bound to instance 'MUXCY_I' of component 'MUXCY' [d:/_code/fv/lab1_fv/lab1_fv.gen/sources_1/ip/axi_timer_0/hdl/axi_timer_v2_0_vh_rfs.vhd:364]
INFO: [Synth 8-3491] module 'MUXCY' declared at 'D:/Xilinx/Vivado/2023.2/scripts/rt/data/unisim_comp.v:85127' bound to instance 'MUXCY_I' of component 'MUXCY' [d:/_code/fv/lab1_fv/lab1_fv.gen/sources_1/ip/axi_timer_0/hdl/axi_timer_v2_0_vh_rfs.vhd:364]
INFO: [Synth 8-3491] module 'MUXCY' declared at 'D:/Xilinx/Vivado/2023.2/scripts/rt/data/unisim_comp.v:85127' bound to instance 'MUXCY_I' of component 'MUXCY' [d:/_code/fv/lab1_fv/lab1_fv.gen/sources_1/ip/axi_timer_0/hdl/axi_timer_v2_0_vh_rfs.vhd:364]
INFO: [Synth 8-3491] module 'MUXCY' declared at 'D:/Xilinx/Vivado/2023.2/scripts/rt/data/unisim_comp.v:85127' bound to instance 'MUXCY_I' of component 'MUXCY' [d:/_code/fv/lab1_fv/lab1_fv.gen/sources_1/ip/axi_timer_0/hdl/axi_timer_v2_0_vh_rfs.vhd:364]
INFO: [Synth 8-3491] module 'MUXCY' declared at 'D:/Xilinx/Vivado/2023.2/scripts/rt/data/unisim_comp.v:85127' bound to instance 'MUXCY_I' of component 'MUXCY' [d:/_code/fv/lab1_fv/lab1_fv.gen/sources_1/ip/axi_timer_0/hdl/axi_timer_v2_0_vh_rfs.vhd:364]
INFO: [Synth 8-3491] module 'MUXCY' declared at 'D:/Xilinx/Vivado/2023.2/scripts/rt/data/unisim_comp.v:85127' bound to instance 'MUXCY_I' of component 'MUXCY' [d:/_code/fv/lab1_fv/lab1_fv.gen/sources_1/ip/axi_timer_0/hdl/axi_timer_v2_0_vh_rfs.vhd:364]
INFO: [Synth 8-3491] module 'MUXCY' declared at 'D:/Xilinx/Vivado/2023.2/scripts/rt/data/unisim_comp.v:85127' bound to instance 'MUXCY_I' of component 'MUXCY' [d:/_code/fv/lab1_fv/lab1_fv.gen/sources_1/ip/axi_timer_0/hdl/axi_timer_v2_0_vh_rfs.vhd:364]
INFO: [Synth 8-3491] module 'MUXCY' declared at 'D:/Xilinx/Vivado/2023.2/scripts/rt/data/unisim_comp.v:85127' bound to instance 'MUXCY_I' of component 'MUXCY' [d:/_code/fv/lab1_fv/lab1_fv.gen/sources_1/ip/axi_timer_0/hdl/axi_timer_v2_0_vh_rfs.vhd:364]
INFO: [Synth 8-3491] module 'MUXCY' declared at 'D:/Xilinx/Vivado/2023.2/scripts/rt/data/unisim_comp.v:85127' bound to instance 'MUXCY_I' of component 'MUXCY' [d:/_code/fv/lab1_fv/lab1_fv.gen/sources_1/ip/axi_timer_0/hdl/axi_timer_v2_0_vh_rfs.vhd:364]
INFO: [Synth 8-3491] module 'MUXCY' declared at 'D:/Xilinx/Vivado/2023.2/scripts/rt/data/unisim_comp.v:85127' bound to instance 'MUXCY_I' of component 'MUXCY' [d:/_code/fv/lab1_fv/lab1_fv.gen/sources_1/ip/axi_timer_0/hdl/axi_timer_v2_0_vh_rfs.vhd:364]
INFO: [Synth 8-3491] module 'MUXCY' declared at 'D:/Xilinx/Vivado/2023.2/scripts/rt/data/unisim_comp.v:85127' bound to instance 'MUXCY_I' of component 'MUXCY' [d:/_code/fv/lab1_fv/lab1_fv.gen/sources_1/ip/axi_timer_0/hdl/axi_timer_v2_0_vh_rfs.vhd:364]
INFO: [Synth 8-3491] module 'MUXCY' declared at 'D:/Xilinx/Vivado/2023.2/scripts/rt/data/unisim_comp.v:85127' bound to instance 'MUXCY_I' of component 'MUXCY' [d:/_code/fv/lab1_fv/lab1_fv.gen/sources_1/ip/axi_timer_0/hdl/axi_timer_v2_0_vh_rfs.vhd:364]
INFO: [Synth 8-3491] module 'MUXCY' declared at 'D:/Xilinx/Vivado/2023.2/scripts/rt/data/unisim_comp.v:85127' bound to instance 'MUXCY_I' of component 'MUXCY' [d:/_code/fv/lab1_fv/lab1_fv.gen/sources_1/ip/axi_timer_0/hdl/axi_timer_v2_0_vh_rfs.vhd:364]
INFO: [Synth 8-3491] module 'MUXCY' declared at 'D:/Xilinx/Vivado/2023.2/scripts/rt/data/unisim_comp.v:85127' bound to instance 'MUXCY_I' of component 'MUXCY' [d:/_code/fv/lab1_fv/lab1_fv.gen/sources_1/ip/axi_timer_0/hdl/axi_timer_v2_0_vh_rfs.vhd:364]
INFO: [Synth 8-3491] module 'MUXCY' declared at 'D:/Xilinx/Vivado/2023.2/scripts/rt/data/unisim_comp.v:85127' bound to instance 'MUXCY_I' of component 'MUXCY' [d:/_code/fv/lab1_fv/lab1_fv.gen/sources_1/ip/axi_timer_0/hdl/axi_timer_v2_0_vh_rfs.vhd:364]
INFO: [Synth 8-3491] module 'MUXCY' declared at 'D:/Xilinx/Vivado/2023.2/scripts/rt/data/unisim_comp.v:85127' bound to instance 'MUXCY_I' of component 'MUXCY' [d:/_code/fv/lab1_fv/lab1_fv.gen/sources_1/ip/axi_timer_0/hdl/axi_timer_v2_0_vh_rfs.vhd:364]
INFO: [Synth 8-3491] module 'MUXCY' declared at 'D:/Xilinx/Vivado/2023.2/scripts/rt/data/unisim_comp.v:85127' bound to instance 'MUXCY_I' of component 'MUXCY' [d:/_code/fv/lab1_fv/lab1_fv.gen/sources_1/ip/axi_timer_0/hdl/axi_timer_v2_0_vh_rfs.vhd:364]
INFO: [Synth 8-3491] module 'MUXCY' declared at 'D:/Xilinx/Vivado/2023.2/scripts/rt/data/unisim_comp.v:85127' bound to instance 'MUXCY_I' of component 'MUXCY' [d:/_code/fv/lab1_fv/lab1_fv.gen/sources_1/ip/axi_timer_0/hdl/axi_timer_v2_0_vh_rfs.vhd:364]
INFO: [Synth 8-3491] module 'MUXCY' declared at 'D:/Xilinx/Vivado/2023.2/scripts/rt/data/unisim_comp.v:85127' bound to instance 'MUXCY_I' of component 'MUXCY' [d:/_code/fv/lab1_fv/lab1_fv.gen/sources_1/ip/axi_timer_0/hdl/axi_timer_v2_0_vh_rfs.vhd:364]
INFO: [Synth 8-3491] module 'MUXCY' declared at 'D:/Xilinx/Vivado/2023.2/scripts/rt/data/unisim_comp.v:85127' bound to instance 'MUXCY_I' of component 'MUXCY' [d:/_code/fv/lab1_fv/lab1_fv.gen/sources_1/ip/axi_timer_0/hdl/axi_timer_v2_0_vh_rfs.vhd:364]
INFO: [Synth 8-3491] module 'MUXCY' declared at 'D:/Xilinx/Vivado/2023.2/scripts/rt/data/unisim_comp.v:85127' bound to instance 'MUXCY_I' of component 'MUXCY' [d:/_code/fv/lab1_fv/lab1_fv.gen/sources_1/ip/axi_timer_0/hdl/axi_timer_v2_0_vh_rfs.vhd:364]
INFO: [Synth 8-3491] module 'MUXCY' declared at 'D:/Xilinx/Vivado/2023.2/scripts/rt/data/unisim_comp.v:85127' bound to instance 'MUXCY_I' of component 'MUXCY' [d:/_code/fv/lab1_fv/lab1_fv.gen/sources_1/ip/axi_timer_0/hdl/axi_timer_v2_0_vh_rfs.vhd:364]
INFO: [Synth 8-3491] module 'MUXCY' declared at 'D:/Xilinx/Vivado/2023.2/scripts/rt/data/unisim_comp.v:85127' bound to instance 'MUXCY_I' of component 'MUXCY' [d:/_code/fv/lab1_fv/lab1_fv.gen/sources_1/ip/axi_timer_0/hdl/axi_timer_v2_0_vh_rfs.vhd:364]
INFO: [Synth 8-3491] module 'MUXCY' declared at 'D:/Xilinx/Vivado/2023.2/scripts/rt/data/unisim_comp.v:85127' bound to instance 'MUXCY_I' of component 'MUXCY' [d:/_code/fv/lab1_fv/lab1_fv.gen/sources_1/ip/axi_timer_0/hdl/axi_timer_v2_0_vh_rfs.vhd:364]
INFO: [Synth 8-3491] module 'MUXCY' declared at 'D:/Xilinx/Vivado/2023.2/scripts/rt/data/unisim_comp.v:85127' bound to instance 'MUXCY_I' of component 'MUXCY' [d:/_code/fv/lab1_fv/lab1_fv.gen/sources_1/ip/axi_timer_0/hdl/axi_timer_v2_0_vh_rfs.vhd:364]
INFO: [Synth 8-3491] module 'MUXCY' declared at 'D:/Xilinx/Vivado/2023.2/scripts/rt/data/unisim_comp.v:85127' bound to instance 'MUXCY_I' of component 'MUXCY' [d:/_code/fv/lab1_fv/lab1_fv.gen/sources_1/ip/axi_timer_0/hdl/axi_timer_v2_0_vh_rfs.vhd:364]
INFO: [Synth 8-3491] module 'MUXCY' declared at 'D:/Xilinx/Vivado/2023.2/scripts/rt/data/unisim_comp.v:85127' bound to instance 'MUXCY_I' of component 'MUXCY' [d:/_code/fv/lab1_fv/lab1_fv.gen/sources_1/ip/axi_timer_0/hdl/axi_timer_v2_0_vh_rfs.vhd:364]
INFO: [Synth 8-3491] module 'MUXCY' declared at 'D:/Xilinx/Vivado/2023.2/scripts/rt/data/unisim_comp.v:85127' bound to instance 'MUXCY_I' of component 'MUXCY' [d:/_code/fv/lab1_fv/lab1_fv.gen/sources_1/ip/axi_timer_0/hdl/axi_timer_v2_0_vh_rfs.vhd:364]
INFO: [Synth 8-3491] module 'MUXCY' declared at 'D:/Xilinx/Vivado/2023.2/scripts/rt/data/unisim_comp.v:85127' bound to instance 'MUXCY_I' of component 'MUXCY' [d:/_code/fv/lab1_fv/lab1_fv.gen/sources_1/ip/axi_timer_0/hdl/axi_timer_v2_0_vh_rfs.vhd:364]
INFO: [Synth 8-3491] module 'MUXCY' declared at 'D:/Xilinx/Vivado/2023.2/scripts/rt/data/unisim_comp.v:85127' bound to instance 'MUXCY_I' of component 'MUXCY' [d:/_code/fv/lab1_fv/lab1_fv.gen/sources_1/ip/axi_timer_0/hdl/axi_timer_v2_0_vh_rfs.vhd:364]
INFO: [Synth 8-3491] module 'MUXCY' declared at 'D:/Xilinx/Vivado/2023.2/scripts/rt/data/unisim_comp.v:85127' bound to instance 'MUXCY_I' of component 'MUXCY' [d:/_code/fv/lab1_fv/lab1_fv.gen/sources_1/ip/axi_timer_0/hdl/axi_timer_v2_0_vh_rfs.vhd:364]
INFO: [Synth 8-3491] module 'MUXCY' declared at 'D:/Xilinx/Vivado/2023.2/scripts/rt/data/unisim_comp.v:85127' bound to instance 'MUXCY_I' of component 'MUXCY' [d:/_code/fv/lab1_fv/lab1_fv.gen/sources_1/ip/axi_timer_0/hdl/axi_timer_v2_0_vh_rfs.vhd:364]
INFO: [Synth 8-3491] module 'MUXCY' declared at 'D:/Xilinx/Vivado/2023.2/scripts/rt/data/unisim_comp.v:85127' bound to instance 'MUXCY_I' of component 'MUXCY' [d:/_code/fv/lab1_fv/lab1_fv.gen/sources_1/ip/axi_timer_0/hdl/axi_timer_v2_0_vh_rfs.vhd:364]
INFO: [Synth 8-3491] module 'MUXCY' declared at 'D:/Xilinx/Vivado/2023.2/scripts/rt/data/unisim_comp.v:85127' bound to instance 'MUXCY_I' of component 'MUXCY' [d:/_code/fv/lab1_fv/lab1_fv.gen/sources_1/ip/axi_timer_0/hdl/axi_timer_v2_0_vh_rfs.vhd:364]
INFO: [Synth 8-3491] module 'MUXCY' declared at 'D:/Xilinx/Vivado/2023.2/scripts/rt/data/unisim_comp.v:85127' bound to instance 'MUXCY_I' of component 'MUXCY' [d:/_code/fv/lab1_fv/lab1_fv.gen/sources_1/ip/axi_timer_0/hdl/axi_timer_v2_0_vh_rfs.vhd:364]
INFO: [Synth 8-3491] module 'MUXCY' declared at 'D:/Xilinx/Vivado/2023.2/scripts/rt/data/unisim_comp.v:85127' bound to instance 'MUXCY_I' of component 'MUXCY' [d:/_code/fv/lab1_fv/lab1_fv.gen/sources_1/ip/axi_timer_0/hdl/axi_timer_v2_0_vh_rfs.vhd:364]
INFO: [Synth 8-3491] module 'MUXCY' declared at 'D:/Xilinx/Vivado/2023.2/scripts/rt/data/unisim_comp.v:85127' bound to instance 'MUXCY_I' of component 'MUXCY' [d:/_code/fv/lab1_fv/lab1_fv.gen/sources_1/ip/axi_timer_0/hdl/axi_timer_v2_0_vh_rfs.vhd:364]
INFO: [Synth 8-3491] module 'MUXCY' declared at 'D:/Xilinx/Vivado/2023.2/scripts/rt/data/unisim_comp.v:85127' bound to instance 'MUXCY_I' of component 'MUXCY' [d:/_code/fv/lab1_fv/lab1_fv.gen/sources_1/ip/axi_timer_0/hdl/axi_timer_v2_0_vh_rfs.vhd:364]
INFO: [Synth 8-3491] module 'MUXCY' declared at 'D:/Xilinx/Vivado/2023.2/scripts/rt/data/unisim_comp.v:85127' bound to instance 'MUXCY_I' of component 'MUXCY' [d:/_code/fv/lab1_fv/lab1_fv.gen/sources_1/ip/axi_timer_0/hdl/axi_timer_v2_0_vh_rfs.vhd:364]
INFO: [Synth 8-3491] module 'MUXCY' declared at 'D:/Xilinx/Vivado/2023.2/scripts/rt/data/unisim_comp.v:85127' bound to instance 'MUXCY_I' of component 'MUXCY' [d:/_code/fv/lab1_fv/lab1_fv.gen/sources_1/ip/axi_timer_0/hdl/axi_timer_v2_0_vh_rfs.vhd:364]
INFO: [Synth 8-3491] module 'MUXCY' declared at 'D:/Xilinx/Vivado/2023.2/scripts/rt/data/unisim_comp.v:85127' bound to instance 'MUXCY_I' of component 'MUXCY' [d:/_code/fv/lab1_fv/lab1_fv.gen/sources_1/ip/axi_timer_0/hdl/axi_timer_v2_0_vh_rfs.vhd:364]
INFO: [Synth 8-3491] module 'MUXCY' declared at 'D:/Xilinx/Vivado/2023.2/scripts/rt/data/unisim_comp.v:85127' bound to instance 'MUXCY_I' of component 'MUXCY' [d:/_code/fv/lab1_fv/lab1_fv.gen/sources_1/ip/axi_timer_0/hdl/axi_timer_v2_0_vh_rfs.vhd:364]
INFO: [Synth 8-3491] module 'MUXCY' declared at 'D:/Xilinx/Vivado/2023.2/scripts/rt/data/unisim_comp.v:85127' bound to instance 'MUXCY_I' of component 'MUXCY' [d:/_code/fv/lab1_fv/lab1_fv.gen/sources_1/ip/axi_timer_0/hdl/axi_timer_v2_0_vh_rfs.vhd:364]
INFO: [Synth 8-3491] module 'MUXCY' declared at 'D:/Xilinx/Vivado/2023.2/scripts/rt/data/unisim_comp.v:85127' bound to instance 'MUXCY_I' of component 'MUXCY' [d:/_code/fv/lab1_fv/lab1_fv.gen/sources_1/ip/axi_timer_0/hdl/axi_timer_v2_0_vh_rfs.vhd:364]
INFO: [Synth 8-3491] module 'MUXCY' declared at 'D:/Xilinx/Vivado/2023.2/scripts/rt/data/unisim_comp.v:85127' bound to instance 'MUXCY_I' of component 'MUXCY' [d:/_code/fv/lab1_fv/lab1_fv.gen/sources_1/ip/axi_timer_0/hdl/axi_timer_v2_0_vh_rfs.vhd:364]
INFO: [Synth 8-3491] module 'MUXCY' declared at 'D:/Xilinx/Vivado/2023.2/scripts/rt/data/unisim_comp.v:85127' bound to instance 'MUXCY_I' of component 'MUXCY' [d:/_code/fv/lab1_fv/lab1_fv.gen/sources_1/ip/axi_timer_0/hdl/axi_timer_v2_0_vh_rfs.vhd:364]
INFO: [Synth 8-3491] module 'MUXCY' declared at 'D:/Xilinx/Vivado/2023.2/scripts/rt/data/unisim_comp.v:85127' bound to instance 'MUXCY_I' of component 'MUXCY' [d:/_code/fv/lab1_fv/lab1_fv.gen/sources_1/ip/axi_timer_0/hdl/axi_timer_v2_0_vh_rfs.vhd:364]
INFO: [Synth 8-3491] module 'MUXCY' declared at 'D:/Xilinx/Vivado/2023.2/scripts/rt/data/unisim_comp.v:85127' bound to instance 'MUXCY_I' of component 'MUXCY' [d:/_code/fv/lab1_fv/lab1_fv.gen/sources_1/ip/axi_timer_0/hdl/axi_timer_v2_0_vh_rfs.vhd:364]
INFO: [Synth 8-3491] module 'MUXCY' declared at 'D:/Xilinx/Vivado/2023.2/scripts/rt/data/unisim_comp.v:85127' bound to instance 'MUXCY_I' of component 'MUXCY' [d:/_code/fv/lab1_fv/lab1_fv.gen/sources_1/ip/axi_timer_0/hdl/axi_timer_v2_0_vh_rfs.vhd:364]
INFO: [Synth 8-3491] module 'MUXCY' declared at 'D:/Xilinx/Vivado/2023.2/scripts/rt/data/unisim_comp.v:85127' bound to instance 'MUXCY_I' of component 'MUXCY' [d:/_code/fv/lab1_fv/lab1_fv.gen/sources_1/ip/axi_timer_0/hdl/axi_timer_v2_0_vh_rfs.vhd:364]
INFO: [Synth 8-3491] module 'MUXCY' declared at 'D:/Xilinx/Vivado/2023.2/scripts/rt/data/unisim_comp.v:85127' bound to instance 'MUXCY_I' of component 'MUXCY' [d:/_code/fv/lab1_fv/lab1_fv.gen/sources_1/ip/axi_timer_0/hdl/axi_timer_v2_0_vh_rfs.vhd:364]
INFO: [Synth 8-3491] module 'MUXCY' declared at 'D:/Xilinx/Vivado/2023.2/scripts/rt/data/unisim_comp.v:85127' bound to instance 'MUXCY_I' of component 'MUXCY' [d:/_code/fv/lab1_fv/lab1_fv.gen/sources_1/ip/axi_timer_0/hdl/axi_timer_v2_0_vh_rfs.vhd:364]
INFO: [Synth 8-3491] module 'MUXCY' declared at 'D:/Xilinx/Vivado/2023.2/scripts/rt/data/unisim_comp.v:85127' bound to instance 'MUXCY_I' of component 'MUXCY' [d:/_code/fv/lab1_fv/lab1_fv.gen/sources_1/ip/axi_timer_0/hdl/axi_timer_v2_0_vh_rfs.vhd:364]
INFO: [Synth 8-3491] module 'MUXCY' declared at 'D:/Xilinx/Vivado/2023.2/scripts/rt/data/unisim_comp.v:85127' bound to instance 'MUXCY_I' of component 'MUXCY' [d:/_code/fv/lab1_fv/lab1_fv.gen/sources_1/ip/axi_timer_0/hdl/axi_timer_v2_0_vh_rfs.vhd:364]
INFO: [Synth 8-3491] module 'MUXCY' declared at 'D:/Xilinx/Vivado/2023.2/scripts/rt/data/unisim_comp.v:85127' bound to instance 'MUXCY_I' of component 'MUXCY' [d:/_code/fv/lab1_fv/lab1_fv.gen/sources_1/ip/axi_timer_0/hdl/axi_timer_v2_0_vh_rfs.vhd:364]
INFO: [Synth 8-3491] module 'MUXCY' declared at 'D:/Xilinx/Vivado/2023.2/scripts/rt/data/unisim_comp.v:85127' bound to instance 'MUXCY_I' of component 'MUXCY' [d:/_code/fv/lab1_fv/lab1_fv.gen/sources_1/ip/axi_timer_0/hdl/axi_timer_v2_0_vh_rfs.vhd:364]
INFO: [Synth 8-3491] module 'MUXCY' declared at 'D:/Xilinx/Vivado/2023.2/scripts/rt/data/unisim_comp.v:85127' bound to instance 'MUXCY_I' of component 'MUXCY' [d:/_code/fv/lab1_fv/lab1_fv.gen/sources_1/ip/axi_timer_0/hdl/axi_timer_v2_0_vh_rfs.vhd:364]
INFO: [Synth 8-3491] module 'MUXCY' declared at 'D:/Xilinx/Vivado/2023.2/scripts/rt/data/unisim_comp.v:85127' bound to instance 'MUXCY_I' of component 'MUXCY' [d:/_code/fv/lab1_fv/lab1_fv.gen/sources_1/ip/axi_timer_0/hdl/axi_timer_v2_0_vh_rfs.vhd:364]
INFO: [Synth 8-3491] module 'MUXCY' declared at 'D:/Xilinx/Vivado/2023.2/scripts/rt/data/unisim_comp.v:85127' bound to instance 'MUXCY_I' of component 'MUXCY' [d:/_code/fv/lab1_fv/lab1_fv.gen/sources_1/ip/axi_timer_0/hdl/axi_timer_v2_0_vh_rfs.vhd:364]
INFO: [Synth 8-3491] module 'MUXCY' declared at 'D:/Xilinx/Vivado/2023.2/scripts/rt/data/unisim_comp.v:85127' bound to instance 'MUXCY_I' of component 'MUXCY' [d:/_code/fv/lab1_fv/lab1_fv.gen/sources_1/ip/axi_timer_0/hdl/axi_timer_v2_0_vh_rfs.vhd:364]
INFO: [Synth 8-3491] module 'MUXCY' declared at 'D:/Xilinx/Vivado/2023.2/scripts/rt/data/unisim_comp.v:85127' bound to instance 'MUXCY_I' of component 'MUXCY' [d:/_code/fv/lab1_fv/lab1_fv.gen/sources_1/ip/axi_timer_0/hdl/axi_timer_v2_0_vh_rfs.vhd:364]
INFO: [Synth 8-256] done synthesizing module 'mux_onehot_f' (0#1) [d:/_code/fv/lab1_fv/lab1_fv.gen/sources_1/ip/axi_timer_0/hdl/axi_timer_v2_0_vh_rfs.vhd:267]
INFO: [Synth 8-638] synthesizing module 'count_module' [d:/_code/fv/lab1_fv/lab1_fv.gen/sources_1/ip/axi_timer_0/hdl/axi_timer_v2_0_vh_rfs.vhd:1346]
INFO: [Synth 8-113] binding component instance 'LOAD_REG_I' to cell 'FDRE' [d:/_code/fv/lab1_fv/lab1_fv.gen/sources_1/ip/axi_timer_0/hdl/axi_timer_v2_0_vh_rfs.vhd:1382]
INFO: [Synth 8-113] binding component instance 'LOAD_REG_I' to cell 'FDRE' [d:/_code/fv/lab1_fv/lab1_fv.gen/sources_1/ip/axi_timer_0/hdl/axi_timer_v2_0_vh_rfs.vhd:1382]
INFO: [Synth 8-113] binding component instance 'LOAD_REG_I' to cell 'FDRE' [d:/_code/fv/lab1_fv/lab1_fv.gen/sources_1/ip/axi_timer_0/hdl/axi_timer_v2_0_vh_rfs.vhd:1382]
INFO: [Synth 8-113] binding component instance 'LOAD_REG_I' to cell 'FDRE' [d:/_code/fv/lab1_fv/lab1_fv.gen/sources_1/ip/axi_timer_0/hdl/axi_timer_v2_0_vh_rfs.vhd:1382]
INFO: [Synth 8-113] binding component instance 'LOAD_REG_I' to cell 'FDRE' [d:/_code/fv/lab1_fv/lab1_fv.gen/sources_1/ip/axi_timer_0/hdl/axi_timer_v2_0_vh_rfs.vhd:1382]
INFO: [Synth 8-113] binding component instance 'LOAD_REG_I' to cell 'FDRE' [d:/_code/fv/lab1_fv/lab1_fv.gen/sources_1/ip/axi_timer_0/hdl/axi_timer_v2_0_vh_rfs.vhd:1382]
INFO: [Synth 8-113] binding component instance 'LOAD_REG_I' to cell 'FDRE' [d:/_code/fv/lab1_fv/lab1_fv.gen/sources_1/ip/axi_timer_0/hdl/axi_timer_v2_0_vh_rfs.vhd:1382]
INFO: [Synth 8-113] binding component instance 'LOAD_REG_I' to cell 'FDRE' [d:/_code/fv/lab1_fv/lab1_fv.gen/sources_1/ip/axi_timer_0/hdl/axi_timer_v2_0_vh_rfs.vhd:1382]
INFO: [Synth 8-113] binding component instance 'LOAD_REG_I' to cell 'FDRE' [d:/_code/fv/lab1_fv/lab1_fv.gen/sources_1/ip/axi_timer_0/hdl/axi_timer_v2_0_vh_rfs.vhd:1382]
INFO: [Synth 8-113] binding component instance 'LOAD_REG_I' to cell 'FDRE' [d:/_code/fv/lab1_fv/lab1_fv.gen/sources_1/ip/axi_timer_0/hdl/axi_timer_v2_0_vh_rfs.vhd:1382]
INFO: [Synth 8-113] binding component instance 'LOAD_REG_I' to cell 'FDRE' [d:/_code/fv/lab1_fv/lab1_fv.gen/sources_1/ip/axi_timer_0/hdl/axi_timer_v2_0_vh_rfs.vhd:1382]
INFO: [Synth 8-113] binding component instance 'LOAD_REG_I' to cell 'FDRE' [d:/_code/fv/lab1_fv/lab1_fv.gen/sources_1/ip/axi_timer_0/hdl/axi_timer_v2_0_vh_rfs.vhd:1382]
INFO: [Synth 8-113] binding component instance 'LOAD_REG_I' to cell 'FDRE' [d:/_code/fv/lab1_fv/lab1_fv.gen/sources_1/ip/axi_timer_0/hdl/axi_timer_v2_0_vh_rfs.vhd:1382]
INFO: [Synth 8-113] binding component instance 'LOAD_REG_I' to cell 'FDRE' [d:/_code/fv/lab1_fv/lab1_fv.gen/sources_1/ip/axi_timer_0/hdl/axi_timer_v2_0_vh_rfs.vhd:1382]
INFO: [Synth 8-113] binding component instance 'LOAD_REG_I' to cell 'FDRE' [d:/_code/fv/lab1_fv/lab1_fv.gen/sources_1/ip/axi_timer_0/hdl/axi_timer_v2_0_vh_rfs.vhd:1382]
INFO: [Synth 8-113] binding component instance 'LOAD_REG_I' to cell 'FDRE' [d:/_code/fv/lab1_fv/lab1_fv.gen/sources_1/ip/axi_timer_0/hdl/axi_timer_v2_0_vh_rfs.vhd:1382]
INFO: [Synth 8-113] binding component instance 'LOAD_REG_I' to cell 'FDRE' [d:/_code/fv/lab1_fv/lab1_fv.gen/sources_1/ip/axi_timer_0/hdl/axi_timer_v2_0_vh_rfs.vhd:1382]
INFO: [Synth 8-113] binding component instance 'LOAD_REG_I' to cell 'FDRE' [d:/_code/fv/lab1_fv/lab1_fv.gen/sources_1/ip/axi_timer_0/hdl/axi_timer_v2_0_vh_rfs.vhd:1382]
INFO: [Synth 8-113] binding component instance 'LOAD_REG_I' to cell 'FDRE' [d:/_code/fv/lab1_fv/lab1_fv.gen/sources_1/ip/axi_timer_0/hdl/axi_timer_v2_0_vh_rfs.vhd:1382]
INFO: [Synth 8-113] binding component instance 'LOAD_REG_I' to cell 'FDRE' [d:/_code/fv/lab1_fv/lab1_fv.gen/sources_1/ip/axi_timer_0/hdl/axi_timer_v2_0_vh_rfs.vhd:1382]
INFO: [Synth 8-113] binding component instance 'LOAD_REG_I' to cell 'FDRE' [d:/_code/fv/lab1_fv/lab1_fv.gen/sources_1/ip/axi_timer_0/hdl/axi_timer_v2_0_vh_rfs.vhd:1382]
INFO: [Synth 8-113] binding component instance 'LOAD_REG_I' to cell 'FDRE' [d:/_code/fv/lab1_fv/lab1_fv.gen/sources_1/ip/axi_timer_0/hdl/axi_timer_v2_0_vh_rfs.vhd:1382]
INFO: [Synth 8-113] binding component instance 'LOAD_REG_I' to cell 'FDRE' [d:/_code/fv/lab1_fv/lab1_fv.gen/sources_1/ip/axi_timer_0/hdl/axi_timer_v2_0_vh_rfs.vhd:1382]
INFO: [Synth 8-113] binding component instance 'LOAD_REG_I' to cell 'FDRE' [d:/_code/fv/lab1_fv/lab1_fv.gen/sources_1/ip/axi_timer_0/hdl/axi_timer_v2_0_vh_rfs.vhd:1382]
INFO: [Synth 8-113] binding component instance 'LOAD_REG_I' to cell 'FDRE' [d:/_code/fv/lab1_fv/lab1_fv.gen/sources_1/ip/axi_timer_0/hdl/axi_timer_v2_0_vh_rfs.vhd:1382]
INFO: [Synth 8-113] binding component instance 'LOAD_REG_I' to cell 'FDRE' [d:/_code/fv/lab1_fv/lab1_fv.gen/sources_1/ip/axi_timer_0/hdl/axi_timer_v2_0_vh_rfs.vhd:1382]
INFO: [Synth 8-113] binding component instance 'LOAD_REG_I' to cell 'FDRE' [d:/_code/fv/lab1_fv/lab1_fv.gen/sources_1/ip/axi_timer_0/hdl/axi_timer_v2_0_vh_rfs.vhd:1382]
INFO: [Synth 8-113] binding component instance 'LOAD_REG_I' to cell 'FDRE' [d:/_code/fv/lab1_fv/lab1_fv.gen/sources_1/ip/axi_timer_0/hdl/axi_timer_v2_0_vh_rfs.vhd:1382]
INFO: [Synth 8-113] binding component instance 'LOAD_REG_I' to cell 'FDRE' [d:/_code/fv/lab1_fv/lab1_fv.gen/sources_1/ip/axi_timer_0/hdl/axi_timer_v2_0_vh_rfs.vhd:1382]
INFO: [Synth 8-113] binding component instance 'LOAD_REG_I' to cell 'FDRE' [d:/_code/fv/lab1_fv/lab1_fv.gen/sources_1/ip/axi_timer_0/hdl/axi_timer_v2_0_vh_rfs.vhd:1382]
INFO: [Synth 8-113] binding component instance 'LOAD_REG_I' to cell 'FDRE' [d:/_code/fv/lab1_fv/lab1_fv.gen/sources_1/ip/axi_timer_0/hdl/axi_timer_v2_0_vh_rfs.vhd:1382]
INFO: [Synth 8-113] binding component instance 'LOAD_REG_I' to cell 'FDRE' [d:/_code/fv/lab1_fv/lab1_fv.gen/sources_1/ip/axi_timer_0/hdl/axi_timer_v2_0_vh_rfs.vhd:1382]
INFO: [Synth 8-638] synthesizing module 'counter_f' [d:/_code/fv/lab1_fv/lab1_fv.gen/sources_1/ip/axi_timer_0/hdl/axi_timer_v2_0_vh_rfs.vhd:102]
INFO: [Synth 8-256] done synthesizing module 'counter_f' (0#1) [d:/_code/fv/lab1_fv/lab1_fv.gen/sources_1/ip/axi_timer_0/hdl/axi_timer_v2_0_vh_rfs.vhd:102]
INFO: [Synth 8-256] done synthesizing module 'count_module' (0#1) [d:/_code/fv/lab1_fv/lab1_fv.gen/sources_1/ip/axi_timer_0/hdl/axi_timer_v2_0_vh_rfs.vhd:1346]
INFO: [Synth 8-638] synthesizing module 'timer_control' [d:/_code/fv/lab1_fv/lab1_fv.gen/sources_1/ip/axi_timer_0/hdl/axi_timer_v2_0_vh_rfs.vhd:741]
INFO: [Synth 8-113] binding component instance 'TCSR0_FF_I' to cell 'FDRSE' [d:/_code/fv/lab1_fv/lab1_fv.gen/sources_1/ip/axi_timer_0/hdl/axi_timer_v2_0_vh_rfs.vhd:827]
INFO: [Synth 8-113] binding component instance 'TCSR0_FF_I' to cell 'FDRSE' [d:/_code/fv/lab1_fv/lab1_fv.gen/sources_1/ip/axi_timer_0/hdl/axi_timer_v2_0_vh_rfs.vhd:827]
INFO: [Synth 8-113] binding component instance 'TCSR0_FF_I' to cell 'FDRSE' [d:/_code/fv/lab1_fv/lab1_fv.gen/sources_1/ip/axi_timer_0/hdl/axi_timer_v2_0_vh_rfs.vhd:827]
INFO: [Synth 8-113] binding component instance 'TCSR0_FF_I' to cell 'FDRSE' [d:/_code/fv/lab1_fv/lab1_fv.gen/sources_1/ip/axi_timer_0/hdl/axi_timer_v2_0_vh_rfs.vhd:827]
INFO: [Synth 8-113] binding component instance 'TCSR0_FF_I' to cell 'FDRSE' [d:/_code/fv/lab1_fv/lab1_fv.gen/sources_1/ip/axi_timer_0/hdl/axi_timer_v2_0_vh_rfs.vhd:827]
INFO: [Synth 8-113] binding component instance 'TCSR0_FF_I' to cell 'FDRSE' [d:/_code/fv/lab1_fv/lab1_fv.gen/sources_1/ip/axi_timer_0/hdl/axi_timer_v2_0_vh_rfs.vhd:827]
INFO: [Synth 8-113] binding component instance 'TCSR0_FF_I' to cell 'FDRSE' [d:/_code/fv/lab1_fv/lab1_fv.gen/sources_1/ip/axi_timer_0/hdl/axi_timer_v2_0_vh_rfs.vhd:827]
INFO: [Synth 8-113] binding component instance 'TCSR0_FF_I' to cell 'FDRSE' [d:/_code/fv/lab1_fv/lab1_fv.gen/sources_1/ip/axi_timer_0/hdl/axi_timer_v2_0_vh_rfs.vhd:827]
INFO: [Synth 8-113] binding component instance 'TCSR0_FF_I' to cell 'FDRSE' [d:/_code/fv/lab1_fv/lab1_fv.gen/sources_1/ip/axi_timer_0/hdl/axi_timer_v2_0_vh_rfs.vhd:827]
INFO: [Synth 8-113] binding component instance 'TCSR0_FF_I' to cell 'FDRSE' [d:/_code/fv/lab1_fv/lab1_fv.gen/sources_1/ip/axi_timer_0/hdl/axi_timer_v2_0_vh_rfs.vhd:827]
INFO: [Synth 8-113] binding component instance 'TCSR0_FF_I' to cell 'FDRSE' [d:/_code/fv/lab1_fv/lab1_fv.gen/sources_1/ip/axi_timer_0/hdl/axi_timer_v2_0_vh_rfs.vhd:827]
INFO: [Synth 8-113] binding component instance 'TCSR0_FF_I' to cell 'FDRSE' [d:/_code/fv/lab1_fv/lab1_fv.gen/sources_1/ip/axi_timer_0/hdl/axi_timer_v2_0_vh_rfs.vhd:827]
INFO: [Synth 8-113] binding component instance 'TCSR1_FF_I' to cell 'FDRSE' [d:/_code/fv/lab1_fv/lab1_fv.gen/sources_1/ip/axi_timer_0/hdl/axi_timer_v2_0_vh_rfs.vhd:908]
INFO: [Synth 8-113] binding component instance 'TCSR1_FF_I' to cell 'FDRSE' [d:/_code/fv/lab1_fv/lab1_fv.gen/sources_1/ip/axi_timer_0/hdl/axi_timer_v2_0_vh_rfs.vhd:908]
INFO: [Synth 8-113] binding component instance 'TCSR1_FF_I' to cell 'FDRSE' [d:/_code/fv/lab1_fv/lab1_fv.gen/sources_1/ip/axi_timer_0/hdl/axi_timer_v2_0_vh_rfs.vhd:908]
INFO: [Synth 8-113] binding component instance 'TCSR1_FF_I' to cell 'FDRSE' [d:/_code/fv/lab1_fv/lab1_fv.gen/sources_1/ip/axi_timer_0/hdl/axi_timer_v2_0_vh_rfs.vhd:908]
INFO: [Synth 8-113] binding component instance 'TCSR1_FF_I' to cell 'FDRSE' [d:/_code/fv/lab1_fv/lab1_fv.gen/sources_1/ip/axi_timer_0/hdl/axi_timer_v2_0_vh_rfs.vhd:908]
INFO: [Synth 8-113] binding component instance 'TCSR1_FF_I' to cell 'FDRSE' [d:/_code/fv/lab1_fv/lab1_fv.gen/sources_1/ip/axi_timer_0/hdl/axi_timer_v2_0_vh_rfs.vhd:908]
INFO: [Synth 8-113] binding component instance 'TCSR1_FF_I' to cell 'FDRSE' [d:/_code/fv/lab1_fv/lab1_fv.gen/sources_1/ip/axi_timer_0/hdl/axi_timer_v2_0_vh_rfs.vhd:908]
INFO: [Synth 8-113] binding component instance 'TCSR1_FF_I' to cell 'FDRSE' [d:/_code/fv/lab1_fv/lab1_fv.gen/sources_1/ip/axi_timer_0/hdl/axi_timer_v2_0_vh_rfs.vhd:908]
INFO: [Synth 8-113] binding component instance 'TCSR1_FF_I' to cell 'FDRSE' [d:/_code/fv/lab1_fv/lab1_fv.gen/sources_1/ip/axi_timer_0/hdl/axi_timer_v2_0_vh_rfs.vhd:908]
INFO: [Synth 8-113] binding component instance 'TCSR1_FF_I' to cell 'FDRSE' [d:/_code/fv/lab1_fv/lab1_fv.gen/sources_1/ip/axi_timer_0/hdl/axi_timer_v2_0_vh_rfs.vhd:908]
INFO: [Synth 8-113] binding component instance 'TCSR1_FF_I' to cell 'FDRSE' [d:/_code/fv/lab1_fv/lab1_fv.gen/sources_1/ip/axi_timer_0/hdl/axi_timer_v2_0_vh_rfs.vhd:908]
INFO: [Synth 8-113] binding component instance 'READ_DONE0_I' to cell 'FDRSE' [d:/_code/fv/lab1_fv/lab1_fv.gen/sources_1/ip/axi_timer_0/hdl/axi_timer_v2_0_vh_rfs.vhd:980]
INFO: [Synth 8-113] binding component instance 'READ_DONE1_I' to cell 'FDRSE' [d:/_code/fv/lab1_fv/lab1_fv.gen/sources_1/ip/axi_timer_0/hdl/axi_timer_v2_0_vh_rfs.vhd:990]
INFO: [Synth 8-638] synthesizing module 'cdc_sync' [d:/_code/fv/lab1_fv/lab1_fv.gen/sources_1/ip/axi_timer_0/hdl/lib_cdc_v1_0_rfs.vhd:106]
	Parameter INIT bound to: 1'b0 
INFO: [Synth 8-113] binding component instance 'CROSS_PLEVEL_IN2SCNDRY_IN_cdc_to' to cell 'FDR' [d:/_code/fv/lab1_fv/lab1_fv.gen/sources_1/ip/axi_timer_0/hdl/lib_cdc_v1_0_rfs.vhd:514]
	Parameter INIT bound to: 1'b0 
INFO: [Synth 8-113] binding component instance 'CROSS_PLEVEL_IN2SCNDRY_s_level_out_d2' to cell 'FDR' [d:/_code/fv/lab1_fv/lab1_fv.gen/sources_1/ip/axi_timer_0/hdl/lib_cdc_v1_0_rfs.vhd:545]
	Parameter INIT bound to: 1'b0 
INFO: [Synth 8-113] binding component instance 'CROSS_PLEVEL_IN2SCNDRY_s_level_out_d3' to cell 'FDR' [d:/_code/fv/lab1_fv/lab1_fv.gen/sources_1/ip/axi_timer_0/hdl/lib_cdc_v1_0_rfs.vhd:554]
	Parameter INIT bound to: 1'b0 
INFO: [Synth 8-113] binding component instance 'CROSS_PLEVEL_IN2SCNDRY_s_level_out_d4' to cell 'FDR' [d:/_code/fv/lab1_fv/lab1_fv.gen/sources_1/ip/axi_timer_0/hdl/lib_cdc_v1_0_rfs.vhd:564]
	Parameter INIT bound to: 1'b0 
INFO: [Synth 8-113] binding component instance 'CROSS_PLEVEL_IN2SCNDRY_s_level_out_d5' to cell 'FDR' [d:/_code/fv/lab1_fv/lab1_fv.gen/sources_1/ip/axi_timer_0/hdl/lib_cdc_v1_0_rfs.vhd:574]
	Parameter INIT bound to: 1'b0 
INFO: [Synth 8-113] binding component instance 'CROSS_PLEVEL_IN2SCNDRY_s_level_out_d6' to cell 'FDR' [d:/_code/fv/lab1_fv/lab1_fv.gen/sources_1/ip/axi_timer_0/hdl/lib_cdc_v1_0_rfs.vhd:584]
INFO: [Synth 8-256] done synthesizing module 'cdc_sync' (0#1) [d:/_code/fv/lab1_fv/lab1_fv.gen/sources_1/ip/axi_timer_0/hdl/lib_cdc_v1_0_rfs.vhd:106]
INFO: [Synth 8-256] done synthesizing module 'timer_control' (0#1) [d:/_code/fv/lab1_fv/lab1_fv.gen/sources_1/ip/axi_timer_0/hdl/axi_timer_v2_0_vh_rfs.vhd:741]
INFO: [Synth 8-113] binding component instance 'PWM_FF_I' to cell 'FDRS' [d:/_code/fv/lab1_fv/lab1_fv.gen/sources_1/ip/axi_timer_0/hdl/axi_timer_v2_0_vh_rfs.vhd:1820]
INFO: [Synth 8-256] done synthesizing module 'tc_core' (0#1) [d:/_code/fv/lab1_fv/lab1_fv.gen/sources_1/ip/axi_timer_0/hdl/axi_timer_v2_0_vh_rfs.vhd:1614]
INFO: [Synth 8-638] synthesizing module 'axi_lite_ipif' [d:/_code/fv/lab1_fv/lab1_fv.gen/sources_1/ip/axi_timer_0/hdl/axi_lite_ipif_v3_0_vh_rfs.vhd:2948]
INFO: [Synth 8-638] synthesizing module 'slave_attachment' [d:/_code/fv/lab1_fv/lab1_fv.gen/sources_1/ip/axi_timer_0/hdl/axi_lite_ipif_v3_0_vh_rfs.vhd:2341]
INFO: [Synth 8-638] synthesizing module 'address_decoder' [d:/_code/fv/lab1_fv/lab1_fv.gen/sources_1/ip/axi_timer_0/hdl/axi_lite_ipif_v3_0_vh_rfs.vhd:1775]
INFO: [Synth 8-638] synthesizing module 'pselect_f' [d:/_code/fv/lab1_fv/lab1_fv.gen/sources_1/ip/axi_timer_0/hdl/axi_lite_ipif_v3_0_vh_rfs.vhd:1534]
INFO: [Synth 8-256] done synthesizing module 'pselect_f' (0#1) [d:/_code/fv/lab1_fv/lab1_fv.gen/sources_1/ip/axi_timer_0/hdl/axi_lite_ipif_v3_0_vh_rfs.vhd:1534]
INFO: [Synth 8-638] synthesizing module 'pselect_f__parameterized0' [d:/_code/fv/lab1_fv/lab1_fv.gen/sources_1/ip/axi_timer_0/hdl/axi_lite_ipif_v3_0_vh_rfs.vhd:1534]
INFO: [Synth 8-256] done synthesizing module 'pselect_f__parameterized0' (0#1) [d:/_code/fv/lab1_fv/lab1_fv.gen/sources_1/ip/axi_timer_0/hdl/axi_lite_ipif_v3_0_vh_rfs.vhd:1534]
INFO: [Synth 8-638] synthesizing module 'pselect_f__parameterized1' [d:/_code/fv/lab1_fv/lab1_fv.gen/sources_1/ip/axi_timer_0/hdl/axi_lite_ipif_v3_0_vh_rfs.vhd:1534]
INFO: [Synth 8-256] done synthesizing module 'pselect_f__parameterized1' (0#1) [d:/_code/fv/lab1_fv/lab1_fv.gen/sources_1/ip/axi_timer_0/hdl/axi_lite_ipif_v3_0_vh_rfs.vhd:1534]
INFO: [Synth 8-638] synthesizing module 'pselect_f__parameterized2' [d:/_code/fv/lab1_fv/lab1_fv.gen/sources_1/ip/axi_timer_0/hdl/axi_lite_ipif_v3_0_vh_rfs.vhd:1534]
INFO: [Synth 8-256] done synthesizing module 'pselect_f__parameterized2' (0#1) [d:/_code/fv/lab1_fv/lab1_fv.gen/sources_1/ip/axi_timer_0/hdl/axi_lite_ipif_v3_0_vh_rfs.vhd:1534]
INFO: [Synth 8-638] synthesizing module 'pselect_f__parameterized3' [d:/_code/fv/lab1_fv/lab1_fv.gen/sources_1/ip/axi_timer_0/hdl/axi_lite_ipif_v3_0_vh_rfs.vhd:1534]
INFO: [Synth 8-256] done synthesizing module 'pselect_f__parameterized3' (0#1) [d:/_code/fv/lab1_fv/lab1_fv.gen/sources_1/ip/axi_timer_0/hdl/axi_lite_ipif_v3_0_vh_rfs.vhd:1534]
INFO: [Synth 8-638] synthesizing module 'pselect_f__parameterized4' [d:/_code/fv/lab1_fv/lab1_fv.gen/sources_1/ip/axi_timer_0/hdl/axi_lite_ipif_v3_0_vh_rfs.vhd:1534]
INFO: [Synth 8-256] done synthesizing module 'pselect_f__parameterized4' (0#1) [d:/_code/fv/lab1_fv/lab1_fv.gen/sources_1/ip/axi_timer_0/hdl/axi_lite_ipif_v3_0_vh_rfs.vhd:1534]
INFO: [Synth 8-638] synthesizing module 'pselect_f__parameterized5' [d:/_code/fv/lab1_fv/lab1_fv.gen/sources_1/ip/axi_timer_0/hdl/axi_lite_ipif_v3_0_vh_rfs.vhd:1534]
INFO: [Synth 8-256] done synthesizing module 'pselect_f__parameterized5' (0#1) [d:/_code/fv/lab1_fv/lab1_fv.gen/sources_1/ip/axi_timer_0/hdl/axi_lite_ipif_v3_0_vh_rfs.vhd:1534]
INFO: [Synth 8-638] synthesizing module 'pselect_f__parameterized6' [d:/_code/fv/lab1_fv/lab1_fv.gen/sources_1/ip/axi_timer_0/hdl/axi_lite_ipif_v3_0_vh_rfs.vhd:1534]
INFO: [Synth 8-256] done synthesizing module 'pselect_f__parameterized6' (0#1) [d:/_code/fv/lab1_fv/lab1_fv.gen/sources_1/ip/axi_timer_0/hdl/axi_lite_ipif_v3_0_vh_rfs.vhd:1534]
INFO: [Synth 8-256] done synthesizing module 'address_decoder' (0#1) [d:/_code/fv/lab1_fv/lab1_fv.gen/sources_1/ip/axi_timer_0/hdl/axi_lite_ipif_v3_0_vh_rfs.vhd:1775]
INFO: [Synth 8-226] default block is never used [d:/_code/fv/lab1_fv/lab1_fv.gen/sources_1/ip/axi_timer_0/hdl/axi_lite_ipif_v3_0_vh_rfs.vhd:2550]
INFO: [Synth 8-256] done synthesizing module 'slave_attachment' (0#1) [d:/_code/fv/lab1_fv/lab1_fv.gen/sources_1/ip/axi_timer_0/hdl/axi_lite_ipif_v3_0_vh_rfs.vhd:2341]
INFO: [Synth 8-256] done synthesizing module 'axi_lite_ipif' (0#1) [d:/_code/fv/lab1_fv/lab1_fv.gen/sources_1/ip/axi_timer_0/hdl/axi_lite_ipif_v3_0_vh_rfs.vhd:2948]
INFO: [Synth 8-256] done synthesizing module 'axi_timer' (0#1) [d:/_code/fv/lab1_fv/lab1_fv.gen/sources_1/ip/axi_timer_0/hdl/axi_timer_v2_0_vh_rfs.vhd:2055]
INFO: [Synth 8-256] done synthesizing module 'axi_timer_0' (0#1) [d:/_code/fv/lab1_fv/lab1_fv.gen/sources_1/ip/axi_timer_0/synth/axi_timer_0.vhd:90]
WARNING: [Synth 8-7129] Port Address_In_Erly[3] in module address_decoder is either unconnected or has no load
WARNING: [Synth 8-7129] Port Address_In_Erly[4] in module address_decoder is either unconnected or has no load
WARNING: [Synth 8-7129] Port Bus_RNW in module address_decoder is either unconnected or has no load
WARNING: [Synth 8-7129] Port S_AXI_WSTRB[3] in module slave_attachment is either unconnected or has no load
WARNING: [Synth 8-7129] Port S_AXI_WSTRB[2] in module slave_attachment is either unconnected or has no load
WARNING: [Synth 8-7129] Port S_AXI_WSTRB[1] in module slave_attachment is either unconnected or has no load
WARNING: [Synth 8-7129] Port S_AXI_WSTRB[0] in module slave_attachment is either unconnected or has no load
WARNING: [Synth 8-7129] Port prmry_aclk in module cdc_sync is either unconnected or has no load
WARNING: [Synth 8-7129] Port prmry_resetn in module cdc_sync is either unconnected or has no load
WARNING: [Synth 8-7129] Port prmry_vect_in[31] in module cdc_sync is either unconnected or has no load
WARNING: [Synth 8-7129] Port prmry_vect_in[30] in module cdc_sync is either unconnected or has no load
WARNING: [Synth 8-7129] Port prmry_vect_in[29] in module cdc_sync is either unconnected or has no load
WARNING: [Synth 8-7129] Port prmry_vect_in[28] in module cdc_sync is either unconnected or has no load
WARNING: [Synth 8-7129] Port prmry_vect_in[27] in module cdc_sync is either unconnected or has no load
WARNING: [Synth 8-7129] Port prmry_vect_in[26] in module cdc_sync is either unconnected or has no load
WARNING: [Synth 8-7129] Port prmry_vect_in[25] in module cdc_sync is either unconnected or has no load
WARNING: [Synth 8-7129] Port prmry_vect_in[24] in module cdc_sync is either unconnected or has no load
WARNING: [Synth 8-7129] Port prmry_vect_in[23] in module cdc_sync is either unconnected or has no load
WARNING: [Synth 8-7129] Port prmry_vect_in[22] in module cdc_sync is either unconnected or has no load
WARNING: [Synth 8-7129] Port prmry_vect_in[21] in module cdc_sync is either unconnected or has no load
WARNING: [Synth 8-7129] Port prmry_vect_in[20] in module cdc_sync is either unconnected or has no load
WARNING: [Synth 8-7129] Port prmry_vect_in[19] in module cdc_sync is either unconnected or has no load
WARNING: [Synth 8-7129] Port prmry_vect_in[18] in module cdc_sync is either unconnected or has no load
WARNING: [Synth 8-7129] Port prmry_vect_in[17] in module cdc_sync is either unconnected or has no load
WARNING: [Synth 8-7129] Port prmry_vect_in[16] in module cdc_sync is either unconnected or has no load
WARNING: [Synth 8-7129] Port prmry_vect_in[15] in module cdc_sync is either unconnected or has no load
WARNING: [Synth 8-7129] Port prmry_vect_in[14] in module cdc_sync is either unconnected or has no load
WARNING: [Synth 8-7129] Port prmry_vect_in[13] in module cdc_sync is either unconnected or has no load
WARNING: [Synth 8-7129] Port prmry_vect_in[12] in module cdc_sync is either unconnected or has no load
WARNING: [Synth 8-7129] Port prmry_vect_in[11] in module cdc_sync is either unconnected or has no load
WARNING: [Synth 8-7129] Port prmry_vect_in[10] in module cdc_sync is either unconnected or has no load
WARNING: [Synth 8-7129] Port prmry_vect_in[9] in module cdc_sync is either unconnected or has no load
WARNING: [Synth 8-7129] Port prmry_vect_in[8] in module cdc_sync is either unconnected or has no load
WARNING: [Synth 8-7129] Port prmry_vect_in[7] in module cdc_sync is either unconnected or has no load
WARNING: [Synth 8-7129] Port prmry_vect_in[6] in module cdc_sync is either unconnected or has no load
WARNING: [Synth 8-7129] Port prmry_vect_in[5] in module cdc_sync is either unconnected or has no load
WARNING: [Synth 8-7129] Port prmry_vect_in[4] in module cdc_sync is either unconnected or has no load
WARNING: [Synth 8-7129] Port prmry_vect_in[3] in module cdc_sync is either unconnected or has no load
WARNING: [Synth 8-7129] Port prmry_vect_in[2] in module cdc_sync is either unconnected or has no load
WARNING: [Synth 8-7129] Port prmry_vect_in[1] in module cdc_sync is either unconnected or has no load
WARNING: [Synth 8-7129] Port prmry_vect_in[0] in module cdc_sync is either unconnected or has no load
WARNING: [Synth 8-7129] Port scndry_resetn in module cdc_sync is either unconnected or has no load
WARNING: [Synth 8-7129] Port Bus2ip_data[0] in module timer_control is either unconnected or has no load
WARNING: [Synth 8-7129] Port Bus2ip_data[1] in module timer_control is either unconnected or has no load
WARNING: [Synth 8-7129] Port Bus2ip_data[2] in module timer_control is either unconnected or has no load
WARNING: [Synth 8-7129] Port Bus2ip_data[3] in module timer_control is either unconnected or has no load
WARNING: [Synth 8-7129] Port Bus2ip_data[4] in module timer_control is either unconnected or has no load
WARNING: [Synth 8-7129] Port Bus2ip_data[5] in module timer_control is either unconnected or has no load
WARNING: [Synth 8-7129] Port Bus2ip_data[6] in module timer_control is either unconnected or has no load
WARNING: [Synth 8-7129] Port Bus2ip_data[7] in module timer_control is either unconnected or has no load
WARNING: [Synth 8-7129] Port Bus2ip_data[8] in module timer_control is either unconnected or has no load
WARNING: [Synth 8-7129] Port Bus2ip_data[9] in module timer_control is either unconnected or has no load
WARNING: [Synth 8-7129] Port Bus2ip_data[10] in module timer_control is either unconnected or has no load
WARNING: [Synth 8-7129] Port Bus2ip_data[11] in module timer_control is either unconnected or has no load
WARNING: [Synth 8-7129] Port Bus2ip_data[12] in module timer_control is either unconnected or has no load
WARNING: [Synth 8-7129] Port Bus2ip_data[13] in module timer_control is either unconnected or has no load
WARNING: [Synth 8-7129] Port Bus2ip_data[14] in module timer_control is either unconnected or has no load
WARNING: [Synth 8-7129] Port Bus2ip_data[15] in module timer_control is either unconnected or has no load
WARNING: [Synth 8-7129] Port Bus2ip_data[16] in module timer_control is either unconnected or has no load
WARNING: [Synth 8-7129] Port Bus2ip_data[17] in module timer_control is either unconnected or has no load
WARNING: [Synth 8-7129] Port Bus2ip_data[18] in module timer_control is either unconnected or has no load
WARNING: [Synth 8-7129] Port Bus2ip_data[19] in module timer_control is either unconnected or has no load
WARNING: [Synth 8-7129] Port BE[0] in module timer_control is either unconnected or has no load
WARNING: [Synth 8-7129] Port BE[1] in module timer_control is either unconnected or has no load
WARNING: [Synth 8-7129] Port Bus2ip_rdce[0] in module timer_control is either unconnected or has no load
WARNING: [Synth 8-7129] Port Bus2ip_rdce[2] in module timer_control is either unconnected or has no load
WARNING: [Synth 8-7129] Port Bus2ip_rdce[3] in module timer_control is either unconnected or has no load
WARNING: [Synth 8-7129] Port Bus2ip_rdce[4] in module timer_control is either unconnected or has no load
WARNING: [Synth 8-7129] Port Bus2ip_rdce[6] in module timer_control is either unconnected or has no load
WARNING: [Synth 8-7129] Port Bus2ip_rdce[7] in module timer_control is either unconnected or has no load
WARNING: [Synth 8-7129] Port Bus2ip_wrce[2] in module timer_control is either unconnected or has no load
WARNING: [Synth 8-7129] Port Bus2ip_wrce[3] in module timer_control is either unconnected or has no load
WARNING: [Synth 8-7129] Port Bus2ip_wrce[6] in module timer_control is either unconnected or has no load
WARNING: [Synth 8-7129] Port Bus2ip_wrce[7] in module timer_control is either unconnected or has no load
WARNING: [Synth 8-7129] Port Bus2ip_addr[0] in module tc_core is either unconnected or has no load
WARNING: [Synth 8-7129] Port Bus2ip_addr[1] in module tc_core is either unconnected or has no load
WARNING: [Synth 8-7129] Port Bus2ip_addr[2] in module tc_core is either unconnected or has no load
WARNING: [Synth 8-7129] Port Bus2ip_addr[3] in module tc_core is either unconnected or has no load
WARNING: [Synth 8-7129] Port Bus2ip_addr[4] in module tc_core is either unconnected or has no load
---------------------------------------------------------------------------------
Finished RTL Elaboration : Time (s): cpu = 00:00:08 ; elapsed = 00:00:10 . Memory (MB): peak = 1429.262 ; gain = 560.836
---------------------------------------------------------------------------------
---------------------------------------------------------------------------------
Start Handling Custom Attributes
---------------------------------------------------------------------------------
---------------------------------------------------------------------------------
Finished Handling Custom Attributes : Time (s): cpu = 00:00:08 ; elapsed = 00:00:10 . Memory (MB): peak = 1429.262 ; gain = 560.836
---------------------------------------------------------------------------------
---------------------------------------------------------------------------------
Finished RTL Optimization Phase 1 : Time (s): cpu = 00:00:08 ; elapsed = 00:00:10 . Memory (MB): peak = 1429.262 ; gain = 560.836
---------------------------------------------------------------------------------
Netlist sorting complete. Time (s): cpu = 00:00:00 ; elapsed = 00:00:00.021 . Memory (MB): peak = 1429.262 ; gain = 0.000
INFO: [Netlist 29-17] Analyzing 108 Unisim elements for replacement
INFO: [Netlist 29-28] Unisim Transformation completed in 0 CPU seconds
INFO: [Project 1-570] Preparing netlist for logic optimization

Processing XDC Constraints
Initializing timing engine
Parsing XDC File [d:/_code/fv/lab1_fv/lab1_fv.gen/sources_1/ip/axi_timer_0/axi_timer_0_ooc.xdc] for cell 'U0'
Finished Parsing XDC File [d:/_code/fv/lab1_fv/lab1_fv.gen/sources_1/ip/axi_timer_0/axi_timer_0_ooc.xdc] for cell 'U0'
Parsing XDC File [d:/_code/fv/lab1_fv/lab1_fv.gen/sources_1/ip/axi_timer_0/axi_timer_0.xdc] for cell 'U0'
Finished Parsing XDC File [d:/_code/fv/lab1_fv/lab1_fv.gen/sources_1/ip/axi_timer_0/axi_timer_0.xdc] for cell 'U0'
Parsing XDC File [D:/_code/fv/lab1_fv/lab1_fv.runs/axi_timer_0_synth_1/dont_touch.xdc]
Finished Parsing XDC File [D:/_code/fv/lab1_fv/lab1_fv.runs/axi_timer_0_synth_1/dont_touch.xdc]
Completed Processing XDC Constraints

Netlist sorting complete. Time (s): cpu = 00:00:00 ; elapsed = 00:00:00 . Memory (MB): peak = 1455.363 ; gain = 0.000
INFO: [Project 1-111] Unisim Transformation Summary:
  A total of 44 instances were transformed.
  FDR => FDRE: 18 instances
  FDRS => FDRS (FDRE, LUT2, VCC): 1 instance 
  FDRSE => FDRSE (FDRE, LUT4, VCC): 25 instances

The system cannot find the path specified.
Constraint Validation Runtime : Time (s): cpu = 00:00:00 ; elapsed = 00:00:00.055 . Memory (MB): peak = 1460.465 ; gain = 5.102
INFO: [Designutils 20-5008] Incremental synthesis strategy off
---------------------------------------------------------------------------------
Finished Constraint Validation : Time (s): cpu = 00:00:16 ; elapsed = 00:00:18 . Memory (MB): peak = 1460.465 ; gain = 592.039
---------------------------------------------------------------------------------
---------------------------------------------------------------------------------
Start Loading Part and Timing Information
---------------------------------------------------------------------------------
Loading part: xc7z010iclg225-1L
---------------------------------------------------------------------------------
Finished Loading Part and Timing Information : Time (s): cpu = 00:00:16 ; elapsed = 00:00:18 . Memory (MB): peak = 1460.465 ; gain = 592.039
---------------------------------------------------------------------------------
---------------------------------------------------------------------------------
Start Applying 'set_property' XDC Constraints
---------------------------------------------------------------------------------
Applied set_property KEEP_HIERARCHY = SOFT for U0. (constraint file  D:/_code/fv/lab1_fv/lab1_fv.runs/axi_timer_0_synth_1/dont_touch.xdc, line 9).
---------------------------------------------------------------------------------
Finished applying 'set_property' XDC Constraints : Time (s): cpu = 00:00:16 ; elapsed = 00:00:18 . Memory (MB): peak = 1460.465 ; gain = 592.039
---------------------------------------------------------------------------------
INFO: [Synth 8-802] inferred FSM for state register 'state_reg' in module 'slave_attachment'
---------------------------------------------------------------------------------------------------
                   State |                     New Encoding |                Previous Encoding 
---------------------------------------------------------------------------------------------------
                 iSTATE2 |                             0001 |                               00
                  iSTATE |                             0010 |                               01
                 iSTATE0 |                             0100 |                               10
                 iSTATE1 |                             1000 |                               11
---------------------------------------------------------------------------------------------------
INFO: [Synth 8-3354] encoded FSM with state register 'state_reg' using encoding 'one-hot' in module 'slave_attachment'
---------------------------------------------------------------------------------
Finished RTL Optimization Phase 2 : Time (s): cpu = 00:00:17 ; elapsed = 00:00:19 . Memory (MB): peak = 1460.465 ; gain = 592.039
---------------------------------------------------------------------------------
---------------------------------------------------------------------------------
Start RTL Component Statistics 
---------------------------------------------------------------------------------
Detailed RTL Component Info : 
+---Adders : 
	   2 Input   33 Bit       Adders := 2     
	   2 Input    6 Bit       Adders := 1     
+---Registers : 
	               33 Bit    Registers := 2     
	               32 Bit    Registers := 1     
	                6 Bit    Registers := 1     
	                5 Bit    Registers := 1     
	                2 Bit    Registers := 4     
	                1 Bit    Registers := 29    
+---Muxes : 
	   3 Input   33 Bit        Muxes := 2     
	   2 Input   33 Bit        Muxes := 2     
	   2 Input   32 Bit        Muxes := 2     
	   2 Input   12 Bit        Muxes := 1     
	   2 Input   11 Bit        Muxes := 1     
	   2 Input    9 Bit        Muxes := 3     
	   3 Input    9 Bit        Muxes := 1     
	   2 Input    5 Bit        Muxes := 1     
	   4 Input    4 Bit        Muxes := 1     
	   2 Input    4 Bit        Muxes := 5     
	   2 Input    2 Bit        Muxes := 3     
	   3 Input    2 Bit        Muxes := 1     
	   4 Input    2 Bit        Muxes := 1     
	   2 Input    1 Bit        Muxes := 24    
	   4 Input    1 Bit        Muxes := 3     
---------------------------------------------------------------------------------
Finished RTL Component Statistics 
---------------------------------------------------------------------------------
---------------------------------------------------------------------------------
Start Part Resource Summary
---------------------------------------------------------------------------------
Part Resources:
DSPs: 80 (col length:40)
BRAMs: 120 (col length: RAMB18 40 RAMB36 20)
---------------------------------------------------------------------------------
Finished Part Resource Summary
---------------------------------------------------------------------------------
---------------------------------------------------------------------------------
Start Cross Boundary and Area Optimization
---------------------------------------------------------------------------------
WARNING: [Synth 8-7080] Parallel synthesis criteria is not met
WARNING: [Synth 8-7129] Port prmry_aclk in module cdc_sync is either unconnected or has no load
WARNING: [Synth 8-7129] Port prmry_resetn in module cdc_sync is either unconnected or has no load
WARNING: [Synth 8-7129] Port prmry_vect_in[31] in module cdc_sync is either unconnected or has no load
WARNING: [Synth 8-7129] Port prmry_vect_in[30] in module cdc_sync is either unconnected or has no load
WARNING: [Synth 8-7129] Port prmry_vect_in[29] in module cdc_sync is either unconnected or has no load
WARNING: [Synth 8-7129] Port prmry_vect_in[28] in module cdc_sync is either unconnected or has no load
WARNING: [Synth 8-7129] Port prmry_vect_in[27] in module cdc_sync is either unconnected or has no load
WARNING: [Synth 8-7129] Port prmry_vect_in[26] in module cdc_sync is either unconnected or has no load
WARNING: [Synth 8-7129] Port prmry_vect_in[25] in module cdc_sync is either unconnected or has no load
WARNING: [Synth 8-7129] Port prmry_vect_in[24] in module cdc_sync is either unconnected or has no load
WARNING: [Synth 8-7129] Port prmry_vect_in[23] in module cdc_sync is either unconnected or has no load
WARNING: [Synth 8-7129] Port prmry_vect_in[22] in module cdc_sync is either unconnected or has no load
WARNING: [Synth 8-7129] Port prmry_vect_in[21] in module cdc_sync is either unconnected or has no load
WARNING: [Synth 8-7129] Port prmry_vect_in[20] in module cdc_sync is either unconnected or has no load
WARNING: [Synth 8-7129] Port prmry_vect_in[19] in module cdc_sync is either unconnected or has no load
WARNING: [Synth 8-7129] Port prmry_vect_in[18] in module cdc_sync is either unconnected or has no load
WARNING: [Synth 8-7129] Port prmry_vect_in[17] in module cdc_sync is either unconnected or has no load
WARNING: [Synth 8-7129] Port prmry_vect_in[16] in module cdc_sync is either unconnected or has no load
WARNING: [Synth 8-7129] Port prmry_vect_in[15] in module cdc_sync is either unconnected or has no load
WARNING: [Synth 8-7129] Port prmry_vect_in[14] in module cdc_sync is either unconnected or has no load
WARNING: [Synth 8-7129] Port prmry_vect_in[13] in module cdc_sync is either unconnected or has no load
INFO: [Common 17-14] Message 'Synth 8-7129' appears 100 times and further instances of the messages will be disabled. Use the Tcl command set_msg_config to change the current settings.
INFO: [Synth 8-3332] Sequential element (GENERATE_LEVEL_P_S_CDC.SINGLE_BIT.CROSS_PLEVEL_IN2SCNDRY_s_level_out_d5) is unused and will be removed from module cdc_sync.
INFO: [Synth 8-3332] Sequential element (GENERATE_LEVEL_P_S_CDC.SINGLE_BIT.CROSS_PLEVEL_IN2SCNDRY_s_level_out_d6) is unused and will be removed from module cdc_sync.
---------------------------------------------------------------------------------
Finished Cross Boundary and Area Optimization : Time (s): cpu = 00:00:19 ; elapsed = 00:00:22 . Memory (MB): peak = 1460.465 ; gain = 592.039
---------------------------------------------------------------------------------
---------------------------------------------------------------------------------
Start Applying XDC Timing Constraints
---------------------------------------------------------------------------------
---------------------------------------------------------------------------------
Finished Applying XDC Timing Constraints : Time (s): cpu = 00:00:24 ; elapsed = 00:00:27 . Memory (MB): peak = 1460.465 ; gain = 592.039
---------------------------------------------------------------------------------
---------------------------------------------------------------------------------
Start Timing Optimization
---------------------------------------------------------------------------------
---------------------------------------------------------------------------------
Finished Timing Optimization : Time (s): cpu = 00:00:26 ; elapsed = 00:00:29 . Memory (MB): peak = 1460.465 ; gain = 592.039
---------------------------------------------------------------------------------
---------------------------------------------------------------------------------
Start Technology Mapping
---------------------------------------------------------------------------------
---------------------------------------------------------------------------------
Finished Technology Mapping : Time (s): cpu = 00:00:26 ; elapsed = 00:00:29 . Memory (MB): peak = 1460.465 ; gain = 592.039
---------------------------------------------------------------------------------
---------------------------------------------------------------------------------
Start IO Insertion
---------------------------------------------------------------------------------
---------------------------------------------------------------------------------
Start Flattening Before IO Insertion
---------------------------------------------------------------------------------
---------------------------------------------------------------------------------
Finished Flattening Before IO Insertion
---------------------------------------------------------------------------------
---------------------------------------------------------------------------------
Start Final Netlist Cleanup
---------------------------------------------------------------------------------
---------------------------------------------------------------------------------
Finished Final Netlist Cleanup
---------------------------------------------------------------------------------
---------------------------------------------------------------------------------
Finished IO Insertion : Time (s): cpu = 00:00:31 ; elapsed = 00:00:34 . Memory (MB): peak = 1460.465 ; gain = 592.039
---------------------------------------------------------------------------------
---------------------------------------------------------------------------------
Start Renaming Generated Instances
---------------------------------------------------------------------------------
---------------------------------------------------------------------------------
Finished Renaming Generated Instances : Time (s): cpu = 00:00:31 ; elapsed = 00:00:34 . Memory (MB): peak = 1460.465 ; gain = 592.039
---------------------------------------------------------------------------------
---------------------------------------------------------------------------------
Start Rebuilding User Hierarchy
---------------------------------------------------------------------------------
---------------------------------------------------------------------------------
Finished Rebuilding User Hierarchy : Time (s): cpu = 00:00:31 ; elapsed = 00:00:34 . Memory (MB): peak = 1460.465 ; gain = 592.039
---------------------------------------------------------------------------------
---------------------------------------------------------------------------------
Start Renaming Generated Ports
---------------------------------------------------------------------------------
---------------------------------------------------------------------------------
Finished Renaming Generated Ports : Time (s): cpu = 00:00:31 ; elapsed = 00:00:34 . Memory (MB): peak = 1460.465 ; gain = 592.039
---------------------------------------------------------------------------------
---------------------------------------------------------------------------------
Start Handling Custom Attributes
---------------------------------------------------------------------------------
---------------------------------------------------------------------------------
Finished Handling Custom Attributes : Time (s): cpu = 00:00:31 ; elapsed = 00:00:34 . Memory (MB): peak = 1460.465 ; gain = 592.039
---------------------------------------------------------------------------------
---------------------------------------------------------------------------------
Start Renaming Generated Nets
---------------------------------------------------------------------------------
---------------------------------------------------------------------------------
Finished Renaming Generated Nets : Time (s): cpu = 00:00:31 ; elapsed = 00:00:34 . Memory (MB): peak = 1460.465 ; gain = 592.039
---------------------------------------------------------------------------------
---------------------------------------------------------------------------------
Start Writing Synthesis Report
---------------------------------------------------------------------------------

Report BlackBoxes: 
+-+--------------+----------+
| |BlackBox name |Instances |
+-+--------------+----------+
+-+--------------+----------+

Report Cell Usage: 
+------+-------+------+
|      |Cell   |Count |
+------+-------+------+
|1     |CARRY4 |    16|
|2     |LUT1   |     6|
|3     |LUT2   |    85|
|4     |LUT3   |   104|
|5     |LUT4   |    76|
|6     |LUT5   |    20|
|7     |LUT6   |    64|
|8     |MUXCY  |    64|
|9     |FDR    |    12|
|10    |FDRE   |   231|
|11    |FDSE   |     1|
+------+-------+------+
---------------------------------------------------------------------------------
Finished Writing Synthesis Report : Time (s): cpu = 00:00:31 ; elapsed = 00:00:34 . Memory (MB): peak = 1460.465 ; gain = 592.039
---------------------------------------------------------------------------------
Synthesis finished with 0 errors, 0 critical warnings and 40 warnings.
Synthesis Optimization Runtime : Time (s): cpu = 00:00:21 ; elapsed = 00:00:32 . Memory (MB): peak = 1460.465 ; gain = 560.836
Synthesis Optimization Complete : Time (s): cpu = 00:00:31 ; elapsed = 00:00:35 . Memory (MB): peak = 1460.465 ; gain = 592.039
INFO: [Project 1-571] Translating synthesized netlist
Netlist sorting complete. Time (s): cpu = 00:00:00 ; elapsed = 00:00:00.022 . Memory (MB): peak = 1460.465 ; gain = 0.000
INFO: [Netlist 29-17] Analyzing 92 Unisim elements for replacement
INFO: [Netlist 29-28] Unisim Transformation completed in 0 CPU seconds
INFO: [Project 1-570] Preparing netlist for logic optimization
INFO: [Opt 31-138] Pushed 0 inverter(s) to 0 load pin(s).
Netlist sorting complete. Time (s): cpu = 00:00:00 ; elapsed = 00:00:00.001 . Memory (MB): peak = 1462.688 ; gain = 0.000
INFO: [Project 1-111] Unisim Transformation Summary:
  A total of 44 instances were transformed.
  (MUXCY,XORCY) => CARRY4: 32 instances
  FDR => FDRE: 12 instances

The system cannot find the path specified.
Synth Design complete | Checksum: 5ad898f7
INFO: [Common 17-83] Releasing license: Synthesis
193 Infos, 101 Warnings, 0 Critical Warnings and 0 Errors encountered.
synth_design completed successfully
synth_design: Time (s): cpu = 00:00:35 ; elapsed = 00:00:45 . Memory (MB): peak = 1462.688 ; gain = 985.379
Write ShapeDB Complete: Time (s): cpu = 00:00:00 ; elapsed = 00:00:00.003 . Memory (MB): peak = 1462.688 ; gain = 0.000
INFO: [Common 17-1381] The checkpoint 'D:/_code/fv/lab1_fv/lab1_fv.runs/axi_timer_0_synth_1/axi_timer_0.dcp' has been generated.
INFO: [Coretcl 2-1648] Added synthesis output to IP cache for IP axi_timer_0, cache-ID = f831e6dba03ee22e
INFO: [Coretcl 2-1174] Renamed 20 cell refs.
Write ShapeDB Complete: Time (s): cpu = 00:00:00 ; elapsed = 00:00:00.004 . Memory (MB): peak = 1462.688 ; gain = 0.000
INFO: [Common 17-1381] The checkpoint 'D:/_code/fv/lab1_fv/lab1_fv.runs/axi_timer_0_synth_1/axi_timer_0.dcp' has been generated.
INFO: [runtcl-4] Executing : report_utilization -file axi_timer_0_utilization_synth.rpt -pb axi_timer_0_utilization_synth.pb
INFO: [Common 17-206] Exiting Vivado at Tue Oct 15 18:20:35 2024...
